[debug] [2024-07-28T20:52:00.439Z] ----------------------------------------------------------------------
[debug] [2024-07-28T20:52:00.441Z] Command:       /Users/higialuztecnologia/.nvm/versions/node/v18.19.1/bin/node /usr/local/bin/firebase init
[debug] [2024-07-28T20:52:00.442Z] CLI Version:   13.14.1
[debug] [2024-07-28T20:52:00.442Z] Platform:      darwin
[debug] [2024-07-28T20:52:00.442Z] Node Version:  v18.19.1
[debug] [2024-07-28T20:52:00.443Z] Time:          Sun Jul 28 2024 17:52:00 GMT-0300 (Brasilia Standard Time)
[debug] [2024-07-28T20:52:00.443Z] ----------------------------------------------------------------------
[debug] 
[debug] [2024-07-28T20:52:00.447Z] >>> [apiv2][query] GET https://firebase-public.firebaseio.com/cli.json [none]
[debug] [2024-07-28T20:52:00.562Z] > command requires scopes: ["email","openid","https://www.googleapis.com/auth/cloudplatformprojects.readonly","https://www.googleapis.com/auth/firebase","https://www.googleapis.com/auth/cloud-platform"]
[debug] [2024-07-28T20:52:00.562Z] > authorizing via signed-in user (higialuz@higialuz.com.br)
[info] 
     ######## #### ########  ######## ########     ###     ######  ########
     ##        ##  ##     ## ##       ##     ##  ##   ##  ##       ##
     ######    ##  ########  ######   ########  #########  ######  ######
     ##        ##  ##    ##  ##       ##     ## ##     ##       ## ##
     ##       #### ##     ## ######## ########  ##     ##  ######  ########

You're about to initialize a Firebase project in this directory:

  /Users/higialuztecnologia/LUZ/expense

Before we get started, keep in mind:

  * You are initializing within an existing Firebase project directory

[info] 
=== Project Setup
[info] 
[info] First, let's associate this project directory with a Firebase project.
[info] You can create multiple project aliases by running firebase use --add, 
[info] but for now we'll just set up a default project.
[info] 
[debug] [2024-07-28T20:52:19.710Z] Using project from CLI flag: expenses-d53e9
[debug] [2024-07-28T20:52:19.710Z] > refreshing access token with scopes: []
[debug] [2024-07-28T20:52:19.711Z] >>> [apiv2][query] POST https://www.googleapis.com/oauth2/v3/token [none]
[debug] [2024-07-28T20:52:19.711Z] >>> [apiv2][body] POST https://www.googleapis.com/oauth2/v3/token [omitted]
[debug] [2024-07-28T20:52:19.911Z] <<< [apiv2][status] POST https://www.googleapis.com/oauth2/v3/token 200
[debug] [2024-07-28T20:52:19.911Z] <<< [apiv2][body] POST https://www.googleapis.com/oauth2/v3/token [omitted]
[debug] [2024-07-28T20:52:19.939Z] >>> [apiv2][query] GET https://firebase.googleapis.com/v1beta1/projects/expenses-d53e9 [none]
[debug] [2024-07-28T20:52:20.449Z] <<< [apiv2][status] GET https://firebase.googleapis.com/v1beta1/projects/expenses-d53e9 200
[debug] [2024-07-28T20:52:20.449Z] <<< [apiv2][body] GET https://firebase.googleapis.com/v1beta1/projects/expenses-d53e9 {"projectId":"expenses-d53e9","projectNumber":"153316849096","displayName":"expenses","name":"projects/expenses-d53e9","resources":{"hostingSite":"expenses-d53e9","realtimeDatabaseInstance":"expenses-d53e9-default-rtdb"},"state":"ACTIVE","etag":"1_8d470733-55ea-4fa0-9b90-fedf608ca163"}
[info] i  Using project expenses-d53e9 (expenses) 
[info] 
=== Hosting Setup
[debug] [2024-07-28T20:52:20.467Z] >>> [apiv2][query] GET https://firebase.googleapis.com/v1beta1/projects/expenses-d53e9 [none]
[debug] [2024-07-28T20:52:20.938Z] <<< [apiv2][status] GET https://firebase.googleapis.com/v1beta1/projects/expenses-d53e9 200
[debug] [2024-07-28T20:52:20.939Z] <<< [apiv2][body] GET https://firebase.googleapis.com/v1beta1/projects/expenses-d53e9 {"projectId":"expenses-d53e9","projectNumber":"153316849096","displayName":"expenses","name":"projects/expenses-d53e9","resources":{"hostingSite":"expenses-d53e9","realtimeDatabaseInstance":"expenses-d53e9-default-rtdb"},"state":"ACTIVE","etag":"1_8d470733-55ea-4fa0-9b90-fedf608ca163"}
[info] 
[info] Your public directory is the folder (relative to your project directory) that
[info] will contain Hosting assets to be uploaded with firebase deploy. If you
[info] have a build process for your assets, use your build's output directory.
[info] 
[debug] [2024-07-28T20:53:15.584Z] *** [apiv2] error from fetch(https://firebase-public.firebaseio.com/cli.json, {"headers":{},"method":"GET"}): FetchError: request to https://firebase-public.firebaseio.com/cli.json failed, reason: connect ETIMEDOUT 34.120.160.131:443
[warn] ⚠  Unable to fetch the CLI MOTD and remote config. This is not a fatal error, but may indicate an issue with your network connection. 
[debug] [2024-07-28T20:53:15.585Z] Failed to fetch MOTD FirebaseError: Failed to make request to https://firebase-public.firebaseio.com/cli.json
[info] ✔  Wrote public/404.html 
[debug] [2024-07-28T20:53:33.392Z] >>> [apiv2][query] GET https://www.gstatic.com/firebasejs/releases.json [none]
[debug] [2024-07-28T20:53:33.494Z] <<< [apiv2][status] GET https://www.gstatic.com/firebasejs/releases.json 200
[debug] [2024-07-28T20:53:33.494Z] <<< [apiv2][body] GET https://www.gstatic.com/firebasejs/releases.json {"current":{"version":"10.12.4","browserURL":"https://www.gstatic.com/firebasejs/10.12.4/firebase.js","packageURL":"https://www.gstatic.com/firebasejs/10.12.4/firebase.tgz"},"live":{"version":"10.12","browserURL":"https://www.gstatic.com/firebasejs/live/10.12/firebase.js","packageURL":"https://www.gstatic.com/firebasejs/live/10.12/firebase.tgz"},"components":{"analytics":"https://www.gstatic.com/firebasejs/10.12.4/firebase-analytics.js","app":"https://www.gstatic.com/firebasejs/10.12.4/firebase-app.js","app-check":"https://www.gstatic.com/firebasejs/10.12.4/firebase-app-check.js","auth":"https://www.gstatic.com/firebasejs/10.12.4/firebase-auth.js","auth/cordova":"https://www.gstatic.com/firebasejs/10.12.4/firebase-auth/cordova.js","auth/web-extension":"https://www.gstatic.com/firebasejs/10.12.4/firebase-auth/web-extension.js","functions":"https://www.gstatic.com/firebasejs/10.12.4/firebase-functions.js","firestore":"https://www.gstatic.com/firebasejs/10.12.4/firebase-firestore.js","firestore/lite":"https://www.gstatic.com/firebasejs/10.12.4/firebase-firestore/lite.js","installations":"https://www.gstatic.com/firebasejs/10.12.4/firebase-installations.js","storage":"https://www.gstatic.com/firebasejs/10.12.4/firebase-storage.js","performance":"https://www.gstatic.com/firebasejs/10.12.4/firebase-performance.js","remote-config":"https://www.gstatic.com/firebasejs/10.12.4/firebase-remote-config.js","messaging":"https://www.gstatic.com/firebasejs/10.12.4/firebase-messaging.js","messaging/sw":"https://www.gstatic.com/firebasejs/10.12.4/firebase-messaging/sw.js","database":"https://www.gstatic.com/firebasejs/10.12.4/firebase-database.js","vertexai-preview":"https://www.gstatic.com/firebasejs/10.12.4/firebase-vertexai-preview.js","firestore.memory":"https://www.gstatic.com/firebasejs/10.12.4/firebase-firestore.memory.js"}}
[info] i  Skipping write of public/index.html 
[info] 
[info] i  Detected a .git folder at /Users/higialuztecnologia/LUZ/expense 
[info] i  Authorizing with GitHub to upload your service account to a GitHub repository's secrets store. 
[info] 
[info] Visit this URL on this device to log in:
[info] https://github.com/login/oauth/authorize?client_id=89cf50f02ac6aaed3484&state=624142863&redirect_uri=http%3A%2F%2Flocalhost%3A9005&scope=read%3Auser%20repo%20public_repo
[info] 
[info] Waiting for authentication...
[debug] [2024-07-28T20:56:01.744Z] >>> [apiv2][query] POST https://github.com/login/oauth/access_token [none]
[debug] [2024-07-28T20:56:01.744Z] >>> [apiv2][body] POST https://github.com/login/oauth/access_token [stream]
[debug] [2024-07-28T20:56:02.122Z] <<< [apiv2][status] POST https://github.com/login/oauth/access_token 200
[debug] [2024-07-28T20:56:02.122Z] <<< [apiv2][body] POST https://github.com/login/oauth/access_token {"access_token":"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","token_type":"bearer","scope":"read:user,repo"}
[debug] [2024-07-28T20:56:02.126Z] >>> [apiv2][query] GET https://api.github.com/user [none]
[debug] [2024-07-28T20:56:02.563Z] <<< [apiv2][status] GET https://api.github.com/user 200
[debug] [2024-07-28T20:56:02.563Z] <<< [apiv2][body] GET https://api.github.com/user {"login":"higialuz","id":72925646,"node_id":"MDQ6VXNlcjcyOTI1NjQ2","avatar_url":"https://avatars.githubusercontent.com/u/72925646?v=4","gravatar_id":"","url":"https://api.github.com/users/higialuz","html_url":"https://github.com/higialuz","followers_url":"https://api.github.com/users/higialuz/followers","following_url":"https://api.github.com/users/higialuz/following{/other_user}","gists_url":"https://api.github.com/users/higialuz/gists{/gist_id}","starred_url":"https://api.github.com/users/higialuz/starred{/owner}{/repo}","subscriptions_url":"https://api.github.com/users/higialuz/subscriptions","organizations_url":"https://api.github.com/users/higialuz/orgs","repos_url":"https://api.github.com/users/higialuz/repos","events_url":"https://api.github.com/users/higialuz/events{/privacy}","received_events_url":"https://api.github.com/users/higialuz/received_events","type":"User","site_admin":false,"name":"Hígialuz Tecnologia","company":"Hígialuz Tecnologia","blog":"https://higialuz.com.br","location":"Brazil","email":"emerson@higialuz.com.br","hireable":null,"bio":null,"twitter_username":null,"public_repos":1,"public_gists":0,"followers":0,"following":0,"created_at":"2020-10-15T12:49:29Z","updated_at":"2023-02-15T13:19:56Z","private_gists":0,"total_private_repos":8,"owned_private_repos":8,"disk_usage":4169,"collaborators":0,"two_factor_authentication":false,"plan":{"name":"free","space":976562499,"collaborators":0,"private_repos":10000}}
[info] 
[info] ✔  Success! Logged into GitHub as higialuz 
[info] 
